{"/Users/hyuntaeeom/Projects/personal/boilTimer/src/utils/time.ts": {"path":"/Users/hyuntaeeom/Projects/personal/boilTimer/src/utils/time.ts","statementMap":{"0":{"start":{"line":1,"column":29},"end":{"line":5,"column":1}},"1":{"start":{"line":2,"column":18},"end":{"line":2,"column":34}},"2":{"start":{"line":4,"column":2},"end":{"line":4,"column":48}}},"fnMap":{"0":{"name":"(anonymous_0)","decl":{"start":{"line":1,"column":29},"end":{"line":1,"column":30}},"loc":{"start":{"line":1,"column":47},"end":{"line":5,"column":1}},"line":1}},"branchMap":{"0":{"loc":{"start":{"line":4,"column":9},"end":{"line":4,"column":47}},"type":"cond-expr","locations":[{"start":{"line":4,"column":24},"end":{"line":4,"column":37}},{"start":{"line":4,"column":40},"end":{"line":4,"column":47}}],"line":4}},"s":{"0":1,"1":2,"2":2},"f":{"0":2},"b":{"0":[1,1]},"_coverageSchema":"1a1c01bbd47fc00a2c39e90264f33305004495a9","hash":"2329c00e9223eda9a7c2348a9f46cee2b30938fd"}
}
